DEB [20171229-18:30:51.058] thr=1   paramiko.transport: starting thread (client mode): 0x41db7b8L
DEB [20171229-18:30:51.059] thr=1   paramiko.transport: Local version/idstring: SSH-2.0-paramiko_2.3.1
DEB [20171229-18:30:51.065] thr=1   paramiko.transport: Remote version/idstring: SSH-2.0-OpenSSH_5.3
INF [20171229-18:30:51.065] thr=1   paramiko.transport: Connected (version 2.0, client OpenSSH_5.3)
DEB [20171229-18:30:51.066] thr=1   paramiko.transport: kex algos:[u'diffie-hellman-group-exchange-sha256', u'diffie-hellman-group-exchange-sha1', u'diffie-hellman-group14-sha1', u'diffie-hellman-group1-sha1'] server key:[u'ssh-rsa', u'ssh-dss'] client encrypt:[u'aes128-ctr', u'aes192-ctr', u'aes256-ctr', u'arcfour256', u'arcfour128', u'aes128-cbc', u'3des-cbc', u'blowfish-cbc', u'cast128-cbc', u'aes192-cbc', u'aes256-cbc', u'arcfour', u'rijndael-cbc@lysator.liu.se'] server encrypt:[u'aes128-ctr', u'aes192-ctr', u'aes256-ctr', u'arcfour256', u'arcfour128', u'aes128-cbc', u'3des-cbc', u'blowfish-cbc', u'cast128-cbc', u'aes192-cbc', u'aes256-cbc', u'arcfour', u'rijndael-cbc@lysator.liu.se'] client mac:[u'hmac-md5', u'hmac-sha1', u'umac-64@openssh.com', u'hmac-sha2-256', u'hmac-sha2-512', u'hmac-ripemd160', u'hmac-ripemd160@openssh.com', u'hmac-sha1-96', u'hmac-md5-96'] server mac:[u'hmac-md5', u'hmac-sha1', u'umac-64@openssh.com', u'hmac-sha2-256', u'hmac-sha2-512', u'hmac-ripemd160', u'hmac-ripemd160@openssh.com', u'hmac-sha1-96', u'hmac-md5-96'] client compress:[u'none', u'zlib@openssh.com'] server compress:[u'none', u'zlib@openssh.com'] client lang:[u''] server lang:[u''] kex follows?False
DEB [20171229-18:30:51.066] thr=1   paramiko.transport: Kex agreed: diffie-hellman-group-exchange-sha256
DEB [20171229-18:30:51.066] thr=1   paramiko.transport: HostKey agreed: ssh-rsa
DEB [20171229-18:30:51.066] thr=1   paramiko.transport: Cipher agreed: aes128-ctr
DEB [20171229-18:30:51.066] thr=1   paramiko.transport: MAC agreed: hmac-sha2-256
DEB [20171229-18:30:51.066] thr=1   paramiko.transport: Compression agreed: none
DEB [20171229-18:30:51.069] thr=1   paramiko.transport: Got server p (2048 bits)
DEB [20171229-18:30:51.907] thr=1   paramiko.transport: kex engine KexGexSHA256 specified hash_algo <built-in function openssl_sha256>
DEB [20171229-18:30:51.907] thr=1   paramiko.transport: Switch to new keys ...
DEB [20171229-18:30:51.920] thr=2   paramiko.transport: Adding ssh-rsa host key for shd-dpc6x64ssd-02.china.telenav.com: ad8260f9dc7b931168bcbf3280b0c0ca
DEB [20171229-18:30:52.006] thr=1   paramiko.transport: userauth is OK
INF [20171229-18:30:52.019] thr=1   paramiko.transport: Auth banner: ********************************************************************
*                                                                  *
* This system is for the use of authorized users only.  Usage of   *
* this system may be monitored and recorded by system personnel.   *
*                                                                  *
* Anyone using this system expressly consents to such monitoring   *
* and they are advised that if such monitoring reveals possible    *
* evidence of criminal activity, system personnel may provide the  *
* evidence from such monitoring to law enforcement officials.      *
*                                                                  *
********************************************************************

INF [20171229-18:30:52.019] thr=1   paramiko.transport: Authentication (password) failed.
DEB [20171229-18:30:52.121] thr=1   paramiko.transport: EOF in transport thread
DEB [20171229-18:34:28.051] thr=1   paramiko.transport: starting thread (client mode): 0x3c3b748L
DEB [20171229-18:34:28.051] thr=1   paramiko.transport: Local version/idstring: SSH-2.0-paramiko_2.3.1
DEB [20171229-18:34:28.191] thr=1   paramiko.transport: Remote version/idstring: SSH-2.0-OpenSSH_5.3
INF [20171229-18:34:28.191] thr=1   paramiko.transport: Connected (version 2.0, client OpenSSH_5.3)
DEB [20171229-18:34:28.338] thr=1   paramiko.transport: kex algos:[u'diffie-hellman-group-exchange-sha256', u'diffie-hellman-group-exchange-sha1', u'diffie-hellman-group14-sha1', u'diffie-hellman-group1-sha1'] server key:[u'ssh-rsa', u'ssh-dss'] client encrypt:[u'aes128-ctr', u'aes192-ctr', u'aes256-ctr', u'arcfour256', u'arcfour128', u'aes128-cbc', u'3des-cbc', u'blowfish-cbc', u'cast128-cbc', u'aes192-cbc', u'aes256-cbc', u'arcfour', u'rijndael-cbc@lysator.liu.se'] server encrypt:[u'aes128-ctr', u'aes192-ctr', u'aes256-ctr', u'arcfour256', u'arcfour128', u'aes128-cbc', u'3des-cbc', u'blowfish-cbc', u'cast128-cbc', u'aes192-cbc', u'aes256-cbc', u'arcfour', u'rijndael-cbc@lysator.liu.se'] client mac:[u'hmac-md5', u'hmac-sha1', u'umac-64@openssh.com', u'hmac-sha2-256', u'hmac-sha2-512', u'hmac-ripemd160', u'hmac-ripemd160@openssh.com', u'hmac-sha1-96', u'hmac-md5-96'] server mac:[u'hmac-md5', u'hmac-sha1', u'umac-64@openssh.com', u'hmac-sha2-256', u'hmac-sha2-512', u'hmac-ripemd160', u'hmac-ripemd160@openssh.com', u'hmac-sha1-96', u'hmac-md5-96'] client compress:[u'none', u'zlib@openssh.com'] server compress:[u'none', u'zlib@openssh.com'] client lang:[u''] server lang:[u''] kex follows?False
DEB [20171229-18:34:28.338] thr=1   paramiko.transport: Kex agreed: diffie-hellman-group-exchange-sha256
DEB [20171229-18:34:28.338] thr=1   paramiko.transport: HostKey agreed: ssh-rsa
DEB [20171229-18:34:28.338] thr=1   paramiko.transport: Cipher agreed: aes128-ctr
DEB [20171229-18:34:28.338] thr=1   paramiko.transport: MAC agreed: hmac-sha2-256
DEB [20171229-18:34:28.338] thr=1   paramiko.transport: Compression agreed: none
DEB [20171229-18:34:28.470] thr=1   paramiko.transport: Got server p (2048 bits)
DEB [20171229-18:34:28.706] thr=1   paramiko.transport: kex engine KexGexSHA256 specified hash_algo <built-in function openssl_sha256>
DEB [20171229-18:34:28.707] thr=1   paramiko.transport: Switch to new keys ...
DEB [20171229-18:34:28.734] thr=2   paramiko.transport: Adding ssh-rsa host key for hqd-ssdpostgis-04.mypna.com: 6920ca6b84be249948804cbba8ce93b7
DEB [20171229-18:34:29.006] thr=1   paramiko.transport: userauth is OK
INF [20171229-18:34:29.213] thr=1   paramiko.transport: Auth banner: ********************************************************************
*                                                                  *
* This system is managed by LDAP and for the use of authorized     *
* users only. Previous credentials may not work. Usage of this     *
* system may be monitored and recorded by system personnel.        *
*                                                                  *
* Anyone using this system expressly consents to such monitoring   *
* and they are advised that if such monitoring reveals possible    *
* evidence of criminal activity, system personnel may provide the  *
* evidence from such monitoring to law enforcement officials.      *
*                                                                  *
********************************************************************

INF [20171229-18:34:29.214] thr=1   paramiko.transport: Authentication (password) successful!
DEB [20171229-18:34:29.236] thr=2   paramiko.transport: [chan 0] Max packet in: 32768 bytes
DEB [20171229-18:34:29.398] thr=1   paramiko.transport: [chan 0] Max packet out: 32768 bytes
DEB [20171229-18:34:29.398] thr=1   paramiko.transport: Secsh channel 0 opened.
DEB [20171229-18:34:29.536] thr=1   paramiko.transport: [chan 0] Sesch channel 0 request ok
DEB [20171229-18:34:29.665] thr=1   paramiko.transport: [chan 0] Sesch channel 0 request ok
DEB [20171229-18:34:29.726] thr=1   paramiko.transport: [chan 0] EOF received (0)
DEB [20171229-18:34:29.726] thr=1   paramiko.transport: [chan 0] EOF sent (0)
DEB [20171229-18:34:29.732] thr=2   paramiko.transport: [chan 1] Max packet in: 32768 bytes
DEB [20171229-18:34:29.963] thr=1   paramiko.transport: [chan 1] Max packet out: 32768 bytes
DEB [20171229-18:34:29.963] thr=1   paramiko.transport: Secsh channel 1 opened.
DEB [20171229-18:34:30.095] thr=1   paramiko.transport: [chan 1] Sesch channel 1 request ok
DEB [20171229-18:34:30.224] thr=1   paramiko.transport: [chan 1] Sesch channel 1 request ok
DEB [20171229-18:34:30.282] thr=1   paramiko.transport: [chan 1] EOF received (1)
DEB [20171229-18:34:30.282] thr=1   paramiko.transport: [chan 1] EOF sent (1)
DEB [20171229-18:34:30.292] thr=2   paramiko.transport: [chan 2] Max packet in: 32768 bytes
DEB [20171229-18:34:30.576] thr=1   paramiko.transport: [chan 2] Max packet out: 32768 bytes
DEB [20171229-18:34:30.576] thr=1   paramiko.transport: Secsh channel 2 opened.
DEB [20171229-18:34:30.724] thr=1   paramiko.transport: [chan 2] Sesch channel 2 request ok
DEB [20171229-18:34:30.857] thr=1   paramiko.transport: [chan 2] Sesch channel 2 request ok
DEB [20171229-18:34:30.915] thr=1   paramiko.transport: [chan 2] EOF received (2)
DEB [20171229-18:34:30.915] thr=1   paramiko.transport: [chan 2] EOF sent (2)
DEB [20171229-18:34:30.930] thr=2   paramiko.transport: [chan 3] Max packet in: 32768 bytes
DEB [20171229-18:34:31.155] thr=1   paramiko.transport: [chan 3] Max packet out: 32768 bytes
DEB [20171229-18:34:31.155] thr=1   paramiko.transport: Secsh channel 3 opened.
DEB [20171229-18:34:31.295] thr=1   paramiko.transport: [chan 3] Sesch channel 3 request ok
DEB [20171229-18:34:31.430] thr=1   paramiko.transport: [chan 3] Sesch channel 3 request ok
DEB [20171229-18:34:31.499] thr=1   paramiko.transport: [chan 3] EOF received (3)
DEB [20171229-18:34:31.499] thr=1   paramiko.transport: [chan 3] EOF sent (3)
DEB [20171229-18:34:31.598] thr=1   paramiko.transport: EOF in transport thread
DEB [20171229-18:34:43.263] thr=3   paramiko.transport: starting thread (client mode): 0x47ce160L
DEB [20171229-18:34:43.265] thr=3   paramiko.transport: Local version/idstring: SSH-2.0-paramiko_2.3.1
DEB [20171229-18:34:43.400] thr=3   paramiko.transport: Remote version/idstring: SSH-2.0-OpenSSH_5.3
INF [20171229-18:34:43.400] thr=3   paramiko.transport: Connected (version 2.0, client OpenSSH_5.3)
DEB [20171229-18:34:43.532] thr=3   paramiko.transport: kex algos:[u'diffie-hellman-group-exchange-sha256', u'diffie-hellman-group-exchange-sha1', u'diffie-hellman-group14-sha1', u'diffie-hellman-group1-sha1'] server key:[u'ssh-rsa', u'ssh-dss'] client encrypt:[u'aes128-ctr', u'aes192-ctr', u'aes256-ctr', u'arcfour256', u'arcfour128', u'aes128-cbc', u'3des-cbc', u'blowfish-cbc', u'cast128-cbc', u'aes192-cbc', u'aes256-cbc', u'arcfour', u'rijndael-cbc@lysator.liu.se'] server encrypt:[u'aes128-ctr', u'aes192-ctr', u'aes256-ctr', u'arcfour256', u'arcfour128', u'aes128-cbc', u'3des-cbc', u'blowfish-cbc', u'cast128-cbc', u'aes192-cbc', u'aes256-cbc', u'arcfour', u'rijndael-cbc@lysator.liu.se'] client mac:[u'hmac-md5', u'hmac-sha1', u'umac-64@openssh.com', u'hmac-sha2-256', u'hmac-sha2-512', u'hmac-ripemd160', u'hmac-ripemd160@openssh.com', u'hmac-sha1-96', u'hmac-md5-96'] server mac:[u'hmac-md5', u'hmac-sha1', u'umac-64@openssh.com', u'hmac-sha2-256', u'hmac-sha2-512', u'hmac-ripemd160', u'hmac-ripemd160@openssh.com', u'hmac-sha1-96', u'hmac-md5-96'] client compress:[u'none', u'zlib@openssh.com'] server compress:[u'none', u'zlib@openssh.com'] client lang:[u''] server lang:[u''] kex follows?False
DEB [20171229-18:34:43.532] thr=3   paramiko.transport: Kex agreed: diffie-hellman-group-exchange-sha256
DEB [20171229-18:34:43.532] thr=3   paramiko.transport: HostKey agreed: ssh-rsa
DEB [20171229-18:34:43.532] thr=3   paramiko.transport: Cipher agreed: aes128-ctr
DEB [20171229-18:34:43.532] thr=3   paramiko.transport: MAC agreed: hmac-sha2-256
DEB [20171229-18:34:43.532] thr=3   paramiko.transport: Compression agreed: none
DEB [20171229-18:34:43.661] thr=3   paramiko.transport: Got server p (2048 bits)
DEB [20171229-18:34:43.855] thr=3   paramiko.transport: kex engine KexGexSHA256 specified hash_algo <built-in function openssl_sha256>
DEB [20171229-18:34:43.855] thr=3   paramiko.transport: Switch to new keys ...
DEB [20171229-18:34:43.864] thr=2   paramiko.transport: Adding ssh-rsa host key for hqd-ssdpostgis-05.mypna.com: 27882dc8f680ad52c038d4aa1fb3fa5e
DEB [20171229-18:34:44.207] thr=3   paramiko.transport: userauth is OK
INF [20171229-18:34:44.361] thr=3   paramiko.transport: Auth banner: ********************************************************************
*                                                                  *
* This system is managed by LDAP and for the use of authorized     *
* users only. Previous credentials may not work. Usage of this     *
* system may be monitored and recorded by system personnel.        *
*                                                                  *
* Anyone using this system expressly consents to such monitoring   *
* and they are advised that if such monitoring reveals possible    *
* evidence of criminal activity, system personnel may provide the  *
* evidence from such monitoring to law enforcement officials.      *
*                                                                  *
********************************************************************

INF [20171229-18:34:44.362] thr=3   paramiko.transport: Authentication (password) successful!
DEB [20171229-18:34:44.365] thr=2   paramiko.transport: [chan 0] Max packet in: 32768 bytes
DEB [20171229-18:34:44.500] thr=3   paramiko.transport: [chan 0] Max packet out: 32768 bytes
DEB [20171229-18:34:44.500] thr=3   paramiko.transport: Secsh channel 0 opened.
DEB [20171229-18:34:44.667] thr=3   paramiko.transport: [chan 0] Sesch channel 0 request ok
DEB [20171229-18:34:44.799] thr=3   paramiko.transport: [chan 0] Sesch channel 0 request ok
DEB [20171229-18:34:45.079] thr=3   paramiko.transport: [chan 0] EOF received (0)
DEB [20171229-18:34:45.079] thr=3   paramiko.transport: [chan 0] EOF sent (0)
DEB [20171229-18:34:45.082] thr=2   paramiko.transport: [chan 1] Max packet in: 32768 bytes
DEB [20171229-18:34:45.377] thr=3   paramiko.transport: [chan 1] Max packet out: 32768 bytes
DEB [20171229-18:34:45.377] thr=3   paramiko.transport: Secsh channel 1 opened.
DEB [20171229-18:34:45.519] thr=3   paramiko.transport: [chan 1] Sesch channel 1 request ok
DEB [20171229-18:34:45.648] thr=3   paramiko.transport: [chan 1] Sesch channel 1 request ok
DEB [20171229-18:34:45.676] thr=3   paramiko.transport: [chan 1] EOF received (1)
DEB [20171229-18:34:45.677] thr=3   paramiko.transport: [chan 1] EOF sent (1)
DEB [20171229-18:34:45.684] thr=2   paramiko.transport: [chan 2] Max packet in: 32768 bytes
DEB [20171229-18:34:45.934] thr=3   paramiko.transport: [chan 2] Max packet out: 32768 bytes
DEB [20171229-18:34:45.934] thr=3   paramiko.transport: Secsh channel 2 opened.
DEB [20171229-18:34:46.081] thr=3   paramiko.transport: [chan 2] Sesch channel 2 request ok
DEB [20171229-18:34:46.211] thr=3   paramiko.transport: [chan 2] Sesch channel 2 request ok
DEB [20171229-18:34:46.233] thr=3   paramiko.transport: [chan 2] EOF received (2)
DEB [20171229-18:34:46.234] thr=3   paramiko.transport: [chan 2] EOF sent (2)
DEB [20171229-18:34:46.247] thr=2   paramiko.transport: [chan 3] Max packet in: 32768 bytes
DEB [20171229-18:34:46.490] thr=3   paramiko.transport: [chan 3] Max packet out: 32768 bytes
DEB [20171229-18:34:46.490] thr=3   paramiko.transport: Secsh channel 3 opened.
DEB [20171229-18:34:46.644] thr=3   paramiko.transport: [chan 3] Sesch channel 3 request ok
DEB [20171229-18:34:46.776] thr=3   paramiko.transport: [chan 3] Sesch channel 3 request ok
DEB [20171229-18:34:46.799] thr=3   paramiko.transport: [chan 3] EOF received (3)
DEB [20171229-18:34:46.801] thr=3   paramiko.transport: [chan 3] EOF sent (3)
DEB [20171229-18:34:46.901] thr=3   paramiko.transport: EOF in transport thread
DEB [20171229-18:34:52.400] thr=4   paramiko.transport: starting thread (client mode): 0x47ce320L
DEB [20171229-18:34:52.401] thr=4   paramiko.transport: Local version/idstring: SSH-2.0-paramiko_2.3.1
DEB [20171229-18:34:52.535] thr=4   paramiko.transport: Remote version/idstring: SSH-2.0-OpenSSH_5.3
INF [20171229-18:34:52.535] thr=4   paramiko.transport: Connected (version 2.0, client OpenSSH_5.3)
DEB [20171229-18:34:52.665] thr=4   paramiko.transport: kex algos:[u'diffie-hellman-group-exchange-sha256', u'diffie-hellman-group-exchange-sha1', u'diffie-hellman-group14-sha1', u'diffie-hellman-group1-sha1'] server key:[u'ssh-rsa', u'ssh-dss'] client encrypt:[u'aes128-ctr', u'aes192-ctr', u'aes256-ctr', u'arcfour256', u'arcfour128', u'aes128-cbc', u'3des-cbc', u'blowfish-cbc', u'cast128-cbc', u'aes192-cbc', u'aes256-cbc', u'arcfour', u'rijndael-cbc@lysator.liu.se'] server encrypt:[u'aes128-ctr', u'aes192-ctr', u'aes256-ctr', u'arcfour256', u'arcfour128', u'aes128-cbc', u'3des-cbc', u'blowfish-cbc', u'cast128-cbc', u'aes192-cbc', u'aes256-cbc', u'arcfour', u'rijndael-cbc@lysator.liu.se'] client mac:[u'hmac-md5', u'hmac-sha1', u'umac-64@openssh.com', u'hmac-sha2-256', u'hmac-sha2-512', u'hmac-ripemd160', u'hmac-ripemd160@openssh.com', u'hmac-sha1-96', u'hmac-md5-96'] server mac:[u'hmac-md5', u'hmac-sha1', u'umac-64@openssh.com', u'hmac-sha2-256', u'hmac-sha2-512', u'hmac-ripemd160', u'hmac-ripemd160@openssh.com', u'hmac-sha1-96', u'hmac-md5-96'] client compress:[u'none', u'zlib@openssh.com'] server compress:[u'none', u'zlib@openssh.com'] client lang:[u''] server lang:[u''] kex follows?False
DEB [20171229-18:34:52.667] thr=4   paramiko.transport: Kex agreed: diffie-hellman-group-exchange-sha256
DEB [20171229-18:34:52.667] thr=4   paramiko.transport: HostKey agreed: ssh-rsa
DEB [20171229-18:34:52.667] thr=4   paramiko.transport: Cipher agreed: aes128-ctr
DEB [20171229-18:34:52.667] thr=4   paramiko.transport: MAC agreed: hmac-sha2-256
DEB [20171229-18:34:52.667] thr=4   paramiko.transport: Compression agreed: none
DEB [20171229-18:34:52.798] thr=4   paramiko.transport: Got server p (2048 bits)
DEB [20171229-18:34:52.984] thr=4   paramiko.transport: kex engine KexGexSHA256 specified hash_algo <built-in function openssl_sha256>
DEB [20171229-18:34:52.984] thr=4   paramiko.transport: Switch to new keys ...
DEB [20171229-18:34:53.016] thr=2   paramiko.transport: Adding ssh-rsa host key for hqd-ssdpostgis-06.mypna.com: 6f140a969ea08e69252a2d3fef933152
DEB [20171229-18:34:53.282] thr=4   paramiko.transport: userauth is OK
INF [20171229-18:34:53.440] thr=4   paramiko.transport: Auth banner: ********************************************************************
*                                                                  *
* This system is managed by LDAP and for the use of authorized     *
* users only. Previous credentials may not work. Usage of this     *
* system may be monitored and recorded by system personnel.        *
*                                                                  *
* Anyone using this system expressly consents to such monitoring   *
* and they are advised that if such monitoring reveals possible    *
* evidence of criminal activity, system personnel may provide the  *
* evidence from such monitoring to law enforcement officials.      *
*                                                                  *
********************************************************************

INF [20171229-18:34:53.440] thr=4   paramiko.transport: Authentication (password) successful!
DEB [20171229-18:34:53.448] thr=2   paramiko.transport: [chan 0] Max packet in: 32768 bytes
DEB [20171229-18:34:53.581] thr=4   paramiko.transport: [chan 0] Max packet out: 32768 bytes
DEB [20171229-18:34:53.581] thr=4   paramiko.transport: Secsh channel 0 opened.
DEB [20171229-18:34:53.769] thr=4   paramiko.transport: [chan 0] Sesch channel 0 request ok
DEB [20171229-18:34:53.904] thr=4   paramiko.transport: [chan 0] Sesch channel 0 request ok
DEB [20171229-18:34:54.181] thr=4   paramiko.transport: [chan 0] EOF received (0)
DEB [20171229-18:34:54.183] thr=4   paramiko.transport: [chan 0] EOF sent (0)
DEB [20171229-18:34:54.187] thr=2   paramiko.transport: [chan 1] Max packet in: 32768 bytes
DEB [20171229-18:34:54.479] thr=4   paramiko.transport: [chan 1] Max packet out: 32768 bytes
DEB [20171229-18:34:54.480] thr=4   paramiko.transport: Secsh channel 1 opened.
DEB [20171229-18:34:54.618] thr=4   paramiko.transport: [chan 1] Sesch channel 1 request ok
DEB [20171229-18:34:54.747] thr=4   paramiko.transport: [chan 1] Sesch channel 1 request ok
DEB [20171229-18:34:54.775] thr=4   paramiko.transport: [chan 1] EOF received (1)
DEB [20171229-18:34:54.775] thr=4   paramiko.transport: [chan 1] EOF sent (1)
DEB [20171229-18:34:54.782] thr=2   paramiko.transport: [chan 2] Max packet in: 32768 bytes
DEB [20171229-18:34:55.030] thr=4   paramiko.transport: [chan 2] Max packet out: 32768 bytes
DEB [20171229-18:34:55.030] thr=4   paramiko.transport: Secsh channel 2 opened.
DEB [20171229-18:34:55.178] thr=4   paramiko.transport: [chan 2] Sesch channel 2 request ok
DEB [20171229-18:34:55.309] thr=4   paramiko.transport: [chan 2] Sesch channel 2 request ok
DEB [20171229-18:34:55.331] thr=4   paramiko.transport: [chan 2] EOF received (2)
DEB [20171229-18:34:55.331] thr=4   paramiko.transport: [chan 2] EOF sent (2)
DEB [20171229-18:34:55.342] thr=2   paramiko.transport: [chan 3] Max packet in: 32768 bytes
DEB [20171229-18:34:55.588] thr=4   paramiko.transport: [chan 3] Max packet out: 32768 bytes
DEB [20171229-18:34:55.588] thr=4   paramiko.transport: Secsh channel 3 opened.
DEB [20171229-18:34:55.740] thr=4   paramiko.transport: [chan 3] Sesch channel 3 request ok
DEB [20171229-18:34:55.869] thr=4   paramiko.transport: [chan 3] Sesch channel 3 request ok
DEB [20171229-18:34:55.891] thr=4   paramiko.transport: [chan 3] EOF received (3)
DEB [20171229-18:34:55.891] thr=4   paramiko.transport: [chan 3] EOF sent (3)
DEB [20171229-18:34:55.904] thr=2   paramiko.transport: [chan 4] Max packet in: 32768 bytes
DEB [20171229-18:34:56.147] thr=4   paramiko.transport: [chan 4] Max packet out: 32768 bytes
DEB [20171229-18:34:56.147] thr=4   paramiko.transport: Secsh channel 4 opened.
DEB [20171229-18:34:56.302] thr=4   paramiko.transport: [chan 4] Sesch channel 4 request ok
DEB [20171229-18:34:56.430] thr=4   paramiko.transport: [chan 4] Sesch channel 4 request ok
DEB [20171229-18:34:56.457] thr=4   paramiko.transport: [chan 4] EOF received (4)
DEB [20171229-18:34:56.457] thr=4   paramiko.transport: [chan 4] EOF sent (4)
DEB [20171229-18:34:56.556] thr=4   paramiko.transport: EOF in transport thread
