DEB [20171103-20:09:24.878] thr=1   paramiko.transport: starting thread (client mode): 0x4400198L
DEB [20171103-20:09:24.878] thr=1   paramiko.transport: Local version/idstring: SSH-2.0-paramiko_2.3.1
DEB [20171103-20:09:24.890] thr=1   paramiko.transport: Remote version/idstring: SSH-2.0-OpenSSH_5.3
INF [20171103-20:09:24.890] thr=1   paramiko.transport: Connected (version 2.0, client OpenSSH_5.3)
DEB [20171103-20:09:24.892] thr=1   paramiko.transport: kex algos:[u'diffie-hellman-group-exchange-sha256', u'diffie-hellman-group-exchange-sha1', u'diffie-hellman-group14-sha1', u'diffie-hellman-group1-sha1'] server key:[u'ssh-rsa', u'ssh-dss'] client encrypt:[u'aes128-ctr', u'aes192-ctr', u'aes256-ctr', u'arcfour256', u'arcfour128', u'aes128-cbc', u'3des-cbc', u'blowfish-cbc', u'cast128-cbc', u'aes192-cbc', u'aes256-cbc', u'arcfour', u'rijndael-cbc@lysator.liu.se'] server encrypt:[u'aes128-ctr', u'aes192-ctr', u'aes256-ctr', u'arcfour256', u'arcfour128', u'aes128-cbc', u'3des-cbc', u'blowfish-cbc', u'cast128-cbc', u'aes192-cbc', u'aes256-cbc', u'arcfour', u'rijndael-cbc@lysator.liu.se'] client mac:[u'hmac-md5', u'hmac-sha1', u'umac-64@openssh.com', u'hmac-sha2-256', u'hmac-sha2-512', u'hmac-ripemd160', u'hmac-ripemd160@openssh.com', u'hmac-sha1-96', u'hmac-md5-96'] server mac:[u'hmac-md5', u'hmac-sha1', u'umac-64@openssh.com', u'hmac-sha2-256', u'hmac-sha2-512', u'hmac-ripemd160', u'hmac-ripemd160@openssh.com', u'hmac-sha1-96', u'hmac-md5-96'] client compress:[u'none', u'zlib@openssh.com'] server compress:[u'none', u'zlib@openssh.com'] client lang:[u''] server lang:[u''] kex follows?False
DEB [20171103-20:09:24.892] thr=1   paramiko.transport: Kex agreed: diffie-hellman-group-exchange-sha256
DEB [20171103-20:09:24.892] thr=1   paramiko.transport: HostKey agreed: ssh-rsa
DEB [20171103-20:09:24.894] thr=1   paramiko.transport: Cipher agreed: aes128-ctr
DEB [20171103-20:09:24.894] thr=1   paramiko.transport: MAC agreed: hmac-sha2-256
DEB [20171103-20:09:24.894] thr=1   paramiko.transport: Compression agreed: none
DEB [20171103-20:09:24.898] thr=1   paramiko.transport: Got server p (2048 bits)
DEB [20171103-20:09:25.015] thr=1   paramiko.transport: kex engine KexGexSHA256 specified hash_algo <built-in function openssl_sha256>
DEB [20171103-20:09:25.016] thr=1   paramiko.transport: Switch to new keys ...
DEB [20171103-20:09:25.042] thr=2   paramiko.transport: Adding ssh-rsa host key for shd-dpc6x64ssd-02.china.telenav.com: ad8260f9dc7b931168bcbf3280b0c0ca
DEB [20171103-20:09:25.058] thr=1   paramiko.transport: userauth is OK
INF [20171103-20:09:25.065] thr=1   paramiko.transport: Authentication (password) successful!
DEB [20171103-20:10:01.963] thr=2   paramiko.transport: [chan 0] Max packet in: 32768 bytes
DEB [20171103-20:10:01.966] thr=1   paramiko.transport: [chan 0] Max packet out: 32768 bytes
DEB [20171103-20:10:01.966] thr=1   paramiko.transport: Secsh channel 0 opened.
DEB [20171103-20:10:01.977] thr=1   paramiko.transport: [chan 0] Sesch channel 0 request ok
DEB [20171103-20:10:01.980] thr=1   paramiko.transport: [chan 0] Sesch channel 0 request ok
DEB [20171103-20:10:02.030] thr=1   paramiko.transport: [chan 0] EOF received (0)
DEB [20171103-20:10:02.030] thr=1   paramiko.transport: [chan 0] EOF sent (0)
DEB [20171103-20:10:11.687] thr=1   paramiko.transport: EOF in transport thread
