Info: check mesh data
Info: check all data
Info: check other data
Info: can not find filename like[Wocean]
Info: can not find filename like[世界图]
Info: decompression use command.rar file [/tmp/shichao/17Q3/A5-17Q3/泰为_D15_17Q3_大中华_Nuance语音数据_20170918/VUI.rar],specified list None, in base path[/tmp/shichao/17Q3]
Info: base dir [/tmp/shichao/17Q3]
Info: execute command [ unrar x -y /tmp/shichao/17Q3/A5-17Q3/泰为_D15_17Q3_大中华_Nuance语音数据_20170918/VUI.rar>/dev/null 2>&1 ] . 
Info: execute cmd[unrar x -y /tmp/shichao/17Q3/A5-17Q3/泰为_D15_17Q3_大中华_Nuance语音数据_20170918/VUI.rar>/dev/null 2>&1] success.
Info: unrar VUI data finished. to path [/tmp/shichao/17Q3]
Info: begin move files in [/tmp/shichao/17Q3/VUI/NaviDataVUI/CHN/NaviDataOther.res] to [/tmp/shichao/17Q3/ROOT/NDS] .
Info: move directory from[/tmp/shichao/17Q3/VUI/NaviDataVUI/CHN/NaviDataOther.res] to [/tmp/shichao/17Q3/ROOT/NDS] finished.
Info: begin move files in [/tmp/shichao/17Q3/VUI/NaviDataVUI/CHN/NaviDataAdmin.res] to [/tmp/shichao/17Q3/ROOT/NDS] .
Info: move directory from[/tmp/shichao/17Q3/VUI/NaviDataVUI/CHN/NaviDataAdmin.res] to [/tmp/shichao/17Q3/ROOT/NDS] finished.
Info: begin move files in [/tmp/shichao/17Q3/VUI/NaviDataVUI/CHN/NaviDataCross.res] to [/tmp/shichao/17Q3/ROOT/NDS] .
Info: move directory from[/tmp/shichao/17Q3/VUI/NaviDataVUI/CHN/NaviDataCross.res] to [/tmp/shichao/17Q3/ROOT/NDS] finished.
Info: begin move files in [/tmp/shichao/17Q3/VUI/NaviDataVUI/CHN/NaviDataHouseNo.res] to [/tmp/shichao/17Q3/ROOT/NDS] .
Info: move directory from[/tmp/shichao/17Q3/VUI/NaviDataVUI/CHN/NaviDataHouseNo.res] to [/tmp/shichao/17Q3/ROOT/NDS] finished.
Info: begin move files in [/tmp/shichao/17Q3/VUI/NaviDataVUI/CHN/NaviDataPlace.res] to [/tmp/shichao/17Q3/ROOT/NDS] .
Info: move directory from[/tmp/shichao/17Q3/VUI/NaviDataVUI/CHN/NaviDataPlace.res] to [/tmp/shichao/17Q3/ROOT/NDS] finished.
Info: begin move files in [/tmp/shichao/17Q3/VUI/NaviDataVUI/CHN/NaviPoiCategory.res] to [/tmp/shichao/17Q3/ROOT/NDS] .
Info: move directory from[/tmp/shichao/17Q3/VUI/NaviDataVUI/CHN/NaviPoiCategory.res] to [/tmp/shichao/17Q3/ROOT/NDS] finished.
Info: begin move files in [/tmp/shichao/17Q3/VUI/NaviDataVUI/CHN/NaviDataRoad.res] to [/tmp/shichao/17Q3/ROOT/NDS] .
Info: move directory from[/tmp/shichao/17Q3/VUI/NaviDataVUI/CHN/NaviDataRoad.res] to [/tmp/shichao/17Q3/ROOT/NDS] finished.
Info: remove directory /tmp/shichao/17Q3/VUI/NaviDataVUI/CHN finish.
